

Version:	3.50
CmdLine:	E:\BAUST 2.1\JAVA\NAHIDjava\Quiz Application\IQ Minds.exe --l4j-debug
JNI:		No
WOW64:		Yes
Working dir:	E:\BAUST 2.1\JAVA\NAHIDjava\Quiz Application\.
Requires JDK:	Yes
Requires 64-Bit: Yes
Java min ver:	1.000.004
Java max ver:	
Substitute:	JAVA_HOME = E:\BAUST 2.1\JAVA JDK\bin
Substitute:	PATH = C:\Program Files\Common Files\Oracle\Java\javapath;C:\Program Files (x86)\Common Files\Intel\Shared Libraries\redist\intel64\compiler;C:\Windows\system32;C:\Windows;C:\Windows\System32\Wbem;C:\Windows\System32\WindowsPowerShell\v1.0\;C:\Windows\System32\OpenSSH\;C:\Program Files (x86)\NVIDIA Corporation\PhysX\Common;C:\WINDOWS\system32;C:\WINDOWS;C:\WINDOWS\System32\Wbem;C:\WINDOWS\System32\WindowsPowerShell\v1.0\;C:\WINDOWS\System32\OpenSSH\;C:\ProgramData\chocolatey\bin;C:\Program Files\Java\jdk-21\bin;;C:\Program Files\NVIDIA Corporation\NVIDIA NvDLISR;C:\Users\USER\AppData\Local\Microsoft\WindowsApps;C:\Program Files\JetBrains\PyCharm 2023.1.1\bin;C:\Program Files\JetBrains\PyCharm Community Edition 2023.1.1\bin;C:\Users\USER\AppData\Local\Programs\Microsoft VS Code\bin;C:\msys64\mingw64\bin;C:\Program Files (x86)\Inno Setup 6;C:\Program Files\Java\jdk-21\bin
JRE paths:	E:\BAUST 2.1\JAVA JDK\bin;C:\Program Files\Common Files\Oracle\Java\javapath;C:\Program Files (x86)\Common Files\Intel\Shared Libraries\redist\intel64\compiler;C:\Windows\system32;C:\Windows;C:\Windows\System32\Wbem;C:\Windows\System32\WindowsPowerShell\v1.0\;C:\Windows\System32\OpenSSH\;C:\Program Files (x86)\NVIDIA Corporation\PhysX\Common;C:\WINDOWS\system32;C:\WINDOWS;C:\WINDOWS\System32\Wbem;C:\WINDOWS\System32\WindowsPowerShell\v1.0\;C:\WINDOWS\System32\OpenSSH\;C:\ProgramData\chocolatey\bin;C:\Program Files\Java\jdk-21\bin;;C:\Program Files\NVIDIA Corporation\NVIDIA NvDLISR;C:\Users\USER\AppData\Local\Microsoft\WindowsApps;C:\Program Files\JetBrains\PyCharm 2023.1.1\bin;C:\Program Files\JetBrains\PyCharm Community Edition 2023.1.1\bin;C:\Users\USER\AppData\Local\Programs\Microsoft VS Code\bin;C:\msys64\mingw64\bin;C:\Program Files (x86)\Inno Setup 6;C:\Program Files\Java\jdk-21\bin
Check launcher:	E:\BAUST 2.1\JAVA JDK\bin\javaw.exe (not found)
Check launcher:	C:\Program Files\Common Files\Oracle\Java\javapath\bin\javaw.exe (not found)
Check launcher:	C:\Program Files (x86)\Common Files\Intel\Shared Libraries\redist\intel64\compiler\bin\javaw.exe (not found)
Check launcher:	C:\Windows\system32\bin\javaw.exe (not found)
Check launcher:	C:\Windows\bin\javaw.exe (not found)
Check launcher:	C:\Windows\System32\Wbem\bin\javaw.exe (not found)
Check launcher:	C:\Windows\System32\WindowsPowerShell\v1.0\bin\javaw.exe (not found)
Check launcher:	C:\Windows\System32\OpenSSH\bin\javaw.exe (not found)
Check launcher:	C:\Program Files (x86)\NVIDIA Corporation\PhysX\Common\bin\javaw.exe (not found)
Check launcher:	C:\WINDOWS\system32\bin\javaw.exe (not found)
Check launcher:	C:\WINDOWS\bin\javaw.exe (not found)
Check launcher:	C:\WINDOWS\System32\Wbem\bin\javaw.exe (not found)
Check launcher:	C:\WINDOWS\System32\WindowsPowerShell\v1.0\bin\javaw.exe (not found)
Check launcher:	C:\WINDOWS\System32\OpenSSH\bin\javaw.exe (not found)
Check launcher:	C:\ProgramData\chocolatey\bin\javaw.exe (not found)
Check launcher:	C:\Program Files\Java\jdk-21\bin\javaw.exe (OK)
Check javac:	C:\Program Files\Java\jdk-21\bin\javac.exe (OK)
Version string: 1.021.000_002 / 64-Bit (OK)
Launcher:	C:\Program Files\Java\jdk-21\bin\javaw.exe
Launcher args:	-jar "E:\BAUST 2.1\JAVA\NAHIDjava\Quiz Application\IQ Minds.exe"
Args length:	64/32768 chars
Exit code:	0
